[debug] [2023-03-11T19:26:50.081Z] ----------------------------------------------------------------------
[debug] [2023-03-11T19:26:50.083Z] Command:       C:\Program Files\nodejs\node.exe C:\Users\DITAR\AppData\Roaming\npm\node_modules\firebase-tools\lib\bin\firebase.js init
[debug] [2023-03-11T19:26:50.083Z] CLI Version:   11.24.0
[debug] [2023-03-11T19:26:50.083Z] Platform:      win32
[debug] [2023-03-11T19:26:50.083Z] Node Version:  v16.15.0
[debug] [2023-03-11T19:26:50.105Z] Time:          Sat Mar 11 2023 16:26:50 GMT-0300 (hora estándar de Argentina)
[debug] [2023-03-11T19:26:50.105Z] ----------------------------------------------------------------------
[debug] 
[debug] [2023-03-11T19:26:50.118Z] >>> [apiv2][query] GET https://firebase-public.firebaseio.com/cli.json [none]
[debug] [2023-03-11T19:26:50.134Z] > command requires scopes: ["email","openid","https://www.googleapis.com/auth/cloudplatformprojects.readonly","https://www.googleapis.com/auth/firebase","https://www.googleapis.com/auth/cloud-platform"]
[debug] [2023-03-11T19:26:50.134Z] > authorizing via signed-in user (camiladitarcio@gmail.com)
[info] 
     ######## #### ########  ######## ########     ###     ######  ########
     ##        ##  ##     ## ##       ##     ##  ##   ##  ##       ##
     ######    ##  ########  ######   ########  #########  ######  ######
     ##        ##  ##    ##  ##       ##     ## ##     ##       ## ##
     ##       #### ##     ## ######## ########  ##     ##  ######  ########

You're about to initialize a Firebase project in this directory:

  C:\Users\DITAR\Documents\REPOS\LCDA\lcdal

[debug] [2023-03-11T19:26:52.898Z] <<< [apiv2][status] GET https://firebase-public.firebaseio.com/cli.json 200
[debug] [2023-03-11T19:26:52.899Z] <<< [apiv2][body] GET https://firebase-public.firebaseio.com/cli.json {"cloudBuildErrorAfter":1594252800000,"cloudBuildWarnAfter":1590019200000,"defaultNode10After":1594252800000,"minVersion":"3.0.5","node8DeploysDisabledAfter":1613390400000,"node8RuntimeDisabledAfter":1615809600000,"node8WarnAfter":1600128000000}
